<?xml version="1.0" encoding="UTF-8"?>
<!-- Generated by org.testng.reporters.JUnitReportReporter -->
<testsuite hostname="DESKTOP-NOR5US4" name="testArval.domo" tests="1" failures="0" timestamp="10 Aug 2017 08:31:49 GMT" time="11.825" errors="0">
  <testcase name="uploadFile" time="11.825" classname="testArval.domo"/>
</testsuite> <!-- testArval.domo -->
