<?xml version="1.0" encoding="UTF-8"?>
<!-- Generated by org.testng.reporters.JUnitReportReporter -->
<testsuite hostname="DESKTOP-NOR5US4" name="test.NewTest" tests="1" failures="0" timestamp="5 Jul 2017 03:39:00 GMT" time="0.020" errors="0">
  <testcase name="verifyPageTitle" time="0.020" classname="test.NewTest"/>
</testsuite> <!-- test.NewTest -->
